[ 2021-04-07 14:36:58,016][cascade_classifier.fit_transform] X_groups_train.shape=[(144624, 164)],y_train.shape=(144624,),X_groups_test.shape=no_test,y_test.shape=no_test
[ 2021-04-07 14:36:58,074][cascade_classifier.fit_transform] group_dims=[164]
[ 2021-04-07 14:36:58,074][cascade_classifier.fit_transform] group_starts=[0]
[ 2021-04-07 14:36:58,074][cascade_classifier.fit_transform] group_ends=[164]
[ 2021-04-07 14:36:58,074][cascade_classifier.fit_transform] X_train.shape=(144624, 164),X_test.shape=(0, 164)
[ 2021-04-07 14:36:58,118][cascade_classifier.fit_transform] [layer=0] look_indexs=[0], X_cur_train.shape=(144624, 164), X_cur_test.shape=(0, 164)
[ 2021-04-07 14:36:59,209][kfold_wrapper.log_eval_metrics] Accuracy(layer_0 - estimator_0 - 2_folds.train_0.predict)=95.36%
[ 2021-04-07 14:37:00,166][kfold_wrapper.log_eval_metrics] Accuracy(layer_0 - estimator_0 - 2_folds.train_1.predict)=95.36%
[ 2021-04-07 14:37:00,173][kfold_wrapper.log_eval_metrics] Accuracy(layer_0 - estimator_0 - 2_folds.train_cv.predict)=95.36%
[ 2021-04-07 14:37:01,170][kfold_wrapper.log_eval_metrics] Accuracy(layer_0 - estimator_1 - 2_folds.train_0.predict)=95.50%
[ 2021-04-07 14:37:02,148][kfold_wrapper.log_eval_metrics] Accuracy(layer_0 - estimator_1 - 2_folds.train_1.predict)=95.95%
[ 2021-04-07 14:37:02,155][kfold_wrapper.log_eval_metrics] Accuracy(layer_0 - estimator_1 - 2_folds.train_cv.predict)=95.73%
[ 2021-04-07 14:37:05,350][kfold_wrapper.log_eval_metrics] Accuracy(layer_0 - estimator_2 - 2_folds.train_0.predict)=95.22%
[ 2021-04-07 14:37:08,689][kfold_wrapper.log_eval_metrics] Accuracy(layer_0 - estimator_2 - 2_folds.train_1.predict)=94.91%
[ 2021-04-07 14:37:08,699][kfold_wrapper.log_eval_metrics] Accuracy(layer_0 - estimator_2 - 2_folds.train_cv.predict)=95.07%
[ 2021-04-07 14:37:08,707][cascade_classifier.calc_accuracy] Accuracy(layer_0 - train.classifier_average)=95.62%
[ 2021-04-07 14:37:08,790][cascade_classifier.fit_transform] [layer=1] look_indexs=[0], X_cur_train.shape=(144624, 170), X_cur_test.shape=(0, 170)
[ 2021-04-07 14:37:09,950][kfold_wrapper.log_eval_metrics] Accuracy(layer_1 - estimator_0 - 2_folds.train_0.predict)=94.47%
[ 2021-04-07 14:37:11,011][kfold_wrapper.log_eval_metrics] Accuracy(layer_1 - estimator_0 - 2_folds.train_1.predict)=95.04%
[ 2021-04-07 14:37:11,016][kfold_wrapper.log_eval_metrics] Accuracy(layer_1 - estimator_0 - 2_folds.train_cv.predict)=94.75%
[ 2021-04-07 14:37:12,054][kfold_wrapper.log_eval_metrics] Accuracy(layer_1 - estimator_1 - 2_folds.train_0.predict)=95.43%
[ 2021-04-07 14:37:13,078][kfold_wrapper.log_eval_metrics] Accuracy(layer_1 - estimator_1 - 2_folds.train_1.predict)=95.41%
[ 2021-04-07 14:37:13,085][kfold_wrapper.log_eval_metrics] Accuracy(layer_1 - estimator_1 - 2_folds.train_cv.predict)=95.42%
[ 2021-04-07 14:37:18,101][kfold_wrapper.log_eval_metrics] Accuracy(layer_1 - estimator_2 - 2_folds.train_0.predict)=94.13%
[ 2021-04-07 14:37:24,209][kfold_wrapper.log_eval_metrics] Accuracy(layer_1 - estimator_2 - 2_folds.train_1.predict)=94.75%
[ 2021-04-07 14:37:24,220][kfold_wrapper.log_eval_metrics] Accuracy(layer_1 - estimator_2 - 2_folds.train_cv.predict)=94.44%
[ 2021-04-07 14:37:24,228][cascade_classifier.calc_accuracy] Accuracy(layer_1 - train.classifier_average)=95.12%
[ 2021-04-07 14:37:24,312][cascade_classifier.fit_transform] [layer=2] look_indexs=[0], X_cur_train.shape=(144624, 170), X_cur_test.shape=(0, 170)
[ 2021-04-07 14:37:25,424][kfold_wrapper.log_eval_metrics] Accuracy(layer_2 - estimator_0 - 2_folds.train_0.predict)=94.61%
[ 2021-04-07 14:37:26,509][kfold_wrapper.log_eval_metrics] Accuracy(layer_2 - estimator_0 - 2_folds.train_1.predict)=94.66%
[ 2021-04-07 14:37:26,516][kfold_wrapper.log_eval_metrics] Accuracy(layer_2 - estimator_0 - 2_folds.train_cv.predict)=94.64%
[ 2021-04-07 14:37:27,595][kfold_wrapper.log_eval_metrics] Accuracy(layer_2 - estimator_1 - 2_folds.train_0.predict)=95.25%
[ 2021-04-07 14:37:28,655][kfold_wrapper.log_eval_metrics] Accuracy(layer_2 - estimator_1 - 2_folds.train_1.predict)=95.43%
[ 2021-04-07 14:37:28,660][kfold_wrapper.log_eval_metrics] Accuracy(layer_2 - estimator_1 - 2_folds.train_cv.predict)=95.34%
[ 2021-04-07 14:37:34,932][kfold_wrapper.log_eval_metrics] Accuracy(layer_2 - estimator_2 - 2_folds.train_0.predict)=94.06%
[ 2021-04-07 14:37:41,535][kfold_wrapper.log_eval_metrics] Accuracy(layer_2 - estimator_2 - 2_folds.train_1.predict)=94.75%
[ 2021-04-07 14:37:41,545][kfold_wrapper.log_eval_metrics] Accuracy(layer_2 - estimator_2 - 2_folds.train_cv.predict)=94.40%
[ 2021-04-07 14:37:41,552][cascade_classifier.calc_accuracy] Accuracy(layer_2 - train.classifier_average)=94.90%
[ 2021-04-07 14:37:41,640][cascade_classifier.fit_transform] [layer=3] look_indexs=[0], X_cur_train.shape=(144624, 170), X_cur_test.shape=(0, 170)
[ 2021-04-07 14:37:42,953][kfold_wrapper.log_eval_metrics] Accuracy(layer_3 - estimator_0 - 2_folds.train_0.predict)=94.52%
[ 2021-04-07 14:37:44,380][kfold_wrapper.log_eval_metrics] Accuracy(layer_3 - estimator_0 - 2_folds.train_1.predict)=94.17%
[ 2021-04-07 14:37:44,392][kfold_wrapper.log_eval_metrics] Accuracy(layer_3 - estimator_0 - 2_folds.train_cv.predict)=94.35%
[ 2021-04-07 14:37:45,663][kfold_wrapper.log_eval_metrics] Accuracy(layer_3 - estimator_1 - 2_folds.train_0.predict)=95.07%
[ 2021-04-07 14:37:46,805][kfold_wrapper.log_eval_metrics] Accuracy(layer_3 - estimator_1 - 2_folds.train_1.predict)=95.42%
[ 2021-04-07 14:37:46,812][kfold_wrapper.log_eval_metrics] Accuracy(layer_3 - estimator_1 - 2_folds.train_cv.predict)=95.25%
[ 2021-04-07 14:37:53,225][kfold_wrapper.log_eval_metrics] Accuracy(layer_3 - estimator_2 - 2_folds.train_0.predict)=94.73%
[ 2021-04-07 14:37:58,745][kfold_wrapper.log_eval_metrics] Accuracy(layer_3 - estimator_2 - 2_folds.train_1.predict)=93.94%
[ 2021-04-07 14:37:58,754][kfold_wrapper.log_eval_metrics] Accuracy(layer_3 - estimator_2 - 2_folds.train_cv.predict)=94.33%
[ 2021-04-07 14:37:58,762][cascade_classifier.calc_accuracy] Accuracy(layer_3 - train.classifier_average)=94.75%
[ 2021-04-07 14:37:58,762][cascade_classifier.fit_transform] [Result][Optimal Level Detected] opt_layer_num=1, accuracy_train=95.62%, accuracy_test=0.00%
[ 2021-04-07 14:37:58,803][cascade_classifier.transform] X_groups_test.shape=[(144624, 164)]
[ 2021-04-07 14:37:58,883][cascade_classifier.transform] group_dims=[164]
[ 2021-04-07 14:37:58,883][cascade_classifier.transform] X_test.shape=(144624, 164)
[ 2021-04-07 14:37:58,932][cascade_classifier.transform] [layer=0] look_indexs=[0], X_cur_test.shape=(144624, 164)
[ 2021-04-07 14:38:02,238][cascade_classifier.transform] X_groups_test.shape=[(61982, 164)]
[ 2021-04-07 14:38:02,272][cascade_classifier.transform] group_dims=[164]
[ 2021-04-07 14:38:02,272][cascade_classifier.transform] X_test.shape=(61982, 164)
[ 2021-04-07 14:38:02,289][cascade_classifier.transform] [layer=0] look_indexs=[0], X_cur_test.shape=(61982, 164)
[ 2021-04-07 14:38:05,047][cascade_classifier.transform] X_groups_test.shape=[(20661, 164)]
[ 2021-04-07 14:38:05,065][cascade_classifier.transform] group_dims=[164]
[ 2021-04-07 14:38:05,066][cascade_classifier.transform] X_test.shape=(20661, 164)
[ 2021-04-07 14:38:05,073][cascade_classifier.transform] [layer=0] look_indexs=[0], X_cur_test.shape=(20661, 164)
