[ 2021-04-07 19:41:49,972][cascade_classifier.fit_transform] X_groups_train.shape=[(144624, 163)],y_train.shape=(144624,),X_groups_test.shape=no_test,y_test.shape=no_test
[ 2021-04-07 19:41:50,023][cascade_classifier.fit_transform] group_dims=[163]
[ 2021-04-07 19:41:50,024][cascade_classifier.fit_transform] group_starts=[0]
[ 2021-04-07 19:41:50,024][cascade_classifier.fit_transform] group_ends=[163]
[ 2021-04-07 19:41:50,024][cascade_classifier.fit_transform] X_train.shape=(144624, 163),X_test.shape=(0, 163)
[ 2021-04-07 19:41:50,067][cascade_classifier.fit_transform] [layer=0] look_indexs=[0], X_cur_train.shape=(144624, 163), X_cur_test.shape=(0, 163)
[ 2021-04-07 19:41:50,944][kfold_wrapper.log_eval_metrics] Accuracy(layer_0 - estimator_0 - 2_folds.train_0.predict)=95.26%
[ 2021-04-07 19:41:51,906][kfold_wrapper.log_eval_metrics] Accuracy(layer_0 - estimator_0 - 2_folds.train_1.predict)=95.35%
[ 2021-04-07 19:41:51,913][kfold_wrapper.log_eval_metrics] Accuracy(layer_0 - estimator_0 - 2_folds.train_cv.predict)=95.30%
[ 2021-04-07 19:41:52,894][kfold_wrapper.log_eval_metrics] Accuracy(layer_0 - estimator_1 - 2_folds.train_0.predict)=95.56%
[ 2021-04-07 19:41:53,796][kfold_wrapper.log_eval_metrics] Accuracy(layer_0 - estimator_1 - 2_folds.train_1.predict)=95.71%
[ 2021-04-07 19:41:53,801][kfold_wrapper.log_eval_metrics] Accuracy(layer_0 - estimator_1 - 2_folds.train_cv.predict)=95.63%
[ 2021-04-07 19:41:58,816][kfold_wrapper.log_eval_metrics] Accuracy(layer_0 - estimator_2 - 2_folds.train_0.predict)=94.96%
[ 2021-04-07 19:42:03,741][kfold_wrapper.log_eval_metrics] Accuracy(layer_0 - estimator_2 - 2_folds.train_1.predict)=94.87%
[ 2021-04-07 19:42:03,751][kfold_wrapper.log_eval_metrics] Accuracy(layer_0 - estimator_2 - 2_folds.train_cv.predict)=94.92%
[ 2021-04-07 19:42:03,759][cascade_classifier.calc_accuracy] Accuracy(layer_0 - train.classifier_average)=95.54%
[ 2021-04-07 19:42:03,836][cascade_classifier.fit_transform] [layer=1] look_indexs=[0], X_cur_train.shape=(144624, 169), X_cur_test.shape=(0, 169)
[ 2021-04-07 19:42:04,803][kfold_wrapper.log_eval_metrics] Accuracy(layer_1 - estimator_0 - 2_folds.train_0.predict)=94.56%
[ 2021-04-07 19:42:05,732][kfold_wrapper.log_eval_metrics] Accuracy(layer_1 - estimator_0 - 2_folds.train_1.predict)=94.77%
[ 2021-04-07 19:42:05,737][kfold_wrapper.log_eval_metrics] Accuracy(layer_1 - estimator_0 - 2_folds.train_cv.predict)=94.66%
[ 2021-04-07 19:42:06,678][kfold_wrapper.log_eval_metrics] Accuracy(layer_1 - estimator_1 - 2_folds.train_0.predict)=95.07%
[ 2021-04-07 19:42:07,572][kfold_wrapper.log_eval_metrics] Accuracy(layer_1 - estimator_1 - 2_folds.train_1.predict)=95.43%
[ 2021-04-07 19:42:07,577][kfold_wrapper.log_eval_metrics] Accuracy(layer_1 - estimator_1 - 2_folds.train_cv.predict)=95.25%
[ 2021-04-07 19:42:13,532][kfold_wrapper.log_eval_metrics] Accuracy(layer_1 - estimator_2 - 2_folds.train_0.predict)=94.25%
[ 2021-04-07 19:42:19,560][kfold_wrapper.log_eval_metrics] Accuracy(layer_1 - estimator_2 - 2_folds.train_1.predict)=94.79%
[ 2021-04-07 19:42:19,570][kfold_wrapper.log_eval_metrics] Accuracy(layer_1 - estimator_2 - 2_folds.train_cv.predict)=94.52%
[ 2021-04-07 19:42:19,577][cascade_classifier.calc_accuracy] Accuracy(layer_1 - train.classifier_average)=95.00%
[ 2021-04-07 19:42:19,660][cascade_classifier.fit_transform] [layer=2] look_indexs=[0], X_cur_train.shape=(144624, 169), X_cur_test.shape=(0, 169)
[ 2021-04-07 19:42:20,668][kfold_wrapper.log_eval_metrics] Accuracy(layer_2 - estimator_0 - 2_folds.train_0.predict)=94.06%
[ 2021-04-07 19:42:21,634][kfold_wrapper.log_eval_metrics] Accuracy(layer_2 - estimator_0 - 2_folds.train_1.predict)=94.41%
[ 2021-04-07 19:42:21,640][kfold_wrapper.log_eval_metrics] Accuracy(layer_2 - estimator_0 - 2_folds.train_cv.predict)=94.24%
[ 2021-04-07 19:42:22,656][kfold_wrapper.log_eval_metrics] Accuracy(layer_2 - estimator_1 - 2_folds.train_0.predict)=94.91%
[ 2021-04-07 19:42:23,834][kfold_wrapper.log_eval_metrics] Accuracy(layer_2 - estimator_1 - 2_folds.train_1.predict)=95.18%
[ 2021-04-07 19:42:23,839][kfold_wrapper.log_eval_metrics] Accuracy(layer_2 - estimator_1 - 2_folds.train_cv.predict)=95.04%
[ 2021-04-07 19:42:28,976][kfold_wrapper.log_eval_metrics] Accuracy(layer_2 - estimator_2 - 2_folds.train_0.predict)=94.79%
[ 2021-04-07 19:42:34,393][kfold_wrapper.log_eval_metrics] Accuracy(layer_2 - estimator_2 - 2_folds.train_1.predict)=93.81%
[ 2021-04-07 19:42:34,403][kfold_wrapper.log_eval_metrics] Accuracy(layer_2 - estimator_2 - 2_folds.train_cv.predict)=94.30%
[ 2021-04-07 19:42:34,410][cascade_classifier.calc_accuracy] Accuracy(layer_2 - train.classifier_average)=94.65%
[ 2021-04-07 19:42:34,488][cascade_classifier.fit_transform] [layer=3] look_indexs=[0], X_cur_train.shape=(144624, 169), X_cur_test.shape=(0, 169)
[ 2021-04-07 19:42:35,464][kfold_wrapper.log_eval_metrics] Accuracy(layer_3 - estimator_0 - 2_folds.train_0.predict)=94.12%
[ 2021-04-07 19:42:36,430][kfold_wrapper.log_eval_metrics] Accuracy(layer_3 - estimator_0 - 2_folds.train_1.predict)=93.66%
[ 2021-04-07 19:42:36,437][kfold_wrapper.log_eval_metrics] Accuracy(layer_3 - estimator_0 - 2_folds.train_cv.predict)=93.89%
[ 2021-04-07 19:42:37,528][kfold_wrapper.log_eval_metrics] Accuracy(layer_3 - estimator_1 - 2_folds.train_0.predict)=95.01%
[ 2021-04-07 19:42:38,640][kfold_wrapper.log_eval_metrics] Accuracy(layer_3 - estimator_1 - 2_folds.train_1.predict)=94.74%
[ 2021-04-07 19:42:38,648][kfold_wrapper.log_eval_metrics] Accuracy(layer_3 - estimator_1 - 2_folds.train_cv.predict)=94.88%
[ 2021-04-07 19:42:44,748][kfold_wrapper.log_eval_metrics] Accuracy(layer_3 - estimator_2 - 2_folds.train_0.predict)=94.40%
[ 2021-04-07 19:42:51,024][kfold_wrapper.log_eval_metrics] Accuracy(layer_3 - estimator_2 - 2_folds.train_1.predict)=94.24%
[ 2021-04-07 19:42:51,034][kfold_wrapper.log_eval_metrics] Accuracy(layer_3 - estimator_2 - 2_folds.train_cv.predict)=94.32%
[ 2021-04-07 19:42:51,042][cascade_classifier.calc_accuracy] Accuracy(layer_3 - train.classifier_average)=94.47%
[ 2021-04-07 19:42:51,042][cascade_classifier.fit_transform] [Result][Optimal Level Detected] opt_layer_num=1, accuracy_train=95.54%, accuracy_test=0.00%
[ 2021-04-07 19:42:51,075][cascade_classifier.transform] X_groups_test.shape=[(144624, 163)]
[ 2021-04-07 19:42:51,149][cascade_classifier.transform] group_dims=[163]
[ 2021-04-07 19:42:51,150][cascade_classifier.transform] X_test.shape=(144624, 163)
[ 2021-04-07 19:42:51,201][cascade_classifier.transform] [layer=0] look_indexs=[0], X_cur_test.shape=(144624, 163)
[ 2021-04-07 19:42:54,603][cascade_classifier.transform] X_groups_test.shape=[(61982, 163)]
[ 2021-04-07 19:42:54,629][cascade_classifier.transform] group_dims=[163]
[ 2021-04-07 19:42:54,629][cascade_classifier.transform] X_test.shape=(61982, 163)
[ 2021-04-07 19:42:54,644][cascade_classifier.transform] [layer=0] look_indexs=[0], X_cur_test.shape=(61982, 163)
[ 2021-04-07 19:42:56,449][cascade_classifier.transform] X_groups_test.shape=[(20661, 163)]
[ 2021-04-07 19:42:56,460][cascade_classifier.transform] group_dims=[163]
[ 2021-04-07 19:42:56,460][cascade_classifier.transform] X_test.shape=(20661, 163)
[ 2021-04-07 19:42:56,465][cascade_classifier.transform] [layer=0] look_indexs=[0], X_cur_test.shape=(20661, 163)
